<?xml version="1.0" encoding="UTF-8"?>
<Site BuildName="(empty)"
	BuildStamp="20181012-1242-Experimental"
	Name="(empty)"
	Generator="ctest-3.10.2"
	CompilerName=""
	CompilerVersion=""
	OSName="Linux"
	Hostname="artem-VirtualBox"
	OSRelease="4.15.0-36-generic"
	OSVersion="#39-Ubuntu SMP Mon Sep 24 16:19:09 UTC 2018"
	OSPlatform="x86_64"
	Is64Bits="1"
	VendorString="GenuineIntel"
	VendorID="Intel Corporation"
	FamilyID="6"
	ModelID="94"
	ProcessorCacheSize="8192"
	NumberOfLogicalCPU="3"
	NumberOfPhysicalCPU="3"
	TotalVirtualMemory="1425"
	TotalPhysicalMemory="3944"
	LogicalProcessorsPerPhysical="1"
	ProcessorClockFrequency="3408"
	>
	<Testing>
		<StartDateTime>Oct 12 15:51 MSK</StartDateTime>
		<StartTestTime>1539348670</StartTestTime>
		<TestList/>
		<EndDateTime>Oct 12 15:51 MSK</EndDateTime>
		<EndTestTime>1539348670</EndTestTime>
		<ElapsedMinutes>0</ElapsedMinutes>
	</Testing>
</Site>
